2026-05-02 10:56:00,001 - INFO - Connection established: vendoranalysis
2026-05-02 10:56:00,003 - INFO - Creating Vendor Summary Table...
2026-05-02 10:57:43,768 - INFO -    VendorNumber                   VendorName  Brand              Description  ...  TotalSalesDollars  TotalSalesPrice TotalExciseTax  TotalFreightCost
0          1128  BROWN-FORMAN CORP             1233  Jack Daniels No 7 Black  ...       5.101920e+06        672819.31      260999.20          68601.68
1          4425        MARTIGNETTI COMPANIES   3405    Tito's Handmade Vodka  ...       4.819073e+06        561512.37      294438.66         144929.24
2         17035  PERNOD RICARD USA             8068         Absolut 80 Proof  ...       4.538121e+06        461140.15      343854.07         123780.22
3          3960  DIAGEO NORTH AMERICA INC      4261   Capt Morgan Spiced Rum  ...       4.475973e+06        420050.01      368242.80         257032.07
4          3960  DIAGEO NORTH AMERICA INC      3545          Ketel One Vodka  ...       4.223108e+06        545778.28      249587.83         257032.07

[5 rows x 14 columns]
2026-05-02 10:57:44,149 - INFO - Cleaning data...
2026-05-02 10:57:44,240 - INFO -    VendorNumber                VendorName  Brand              Description  PurchasePrice  ...  TotalFreightCost  GrossProfit  ProfitMargin  StockTurnover  SalesToPurchaseRatio
0          1128         BROWN-FORMAN CORP   1233  Jack Daniels No 7 Black          26.27  ...          68601.68   1290667.91         25.30           0.98                  1.34
1          4425     MARTIGNETTI COMPANIES   3405    Tito's Handmade Vodka          23.19  ...         144929.24   1015032.27         21.06           0.98                  1.27
2         17035         PERNOD RICARD USA   8068         Absolut 80 Proof          18.24  ...         123780.22   1119816.92         24.68           1.00                  1.33
3          3960  DIAGEO NORTH AMERICA INC   4261   Capt Morgan Spiced Rum          16.17  ...         257032.07   1214774.94         27.14           0.99                  1.37
4          3960  DIAGEO NORTH AMERICA INC   3545          Ketel One Vodka          21.89  ...         257032.07   1199901.61         28.41           0.98                  1.40

[5 rows x 18 columns]
2026-05-02 10:57:44,273 - INFO - Ingesting data into database...
2026-05-02 10:57:50,800 - INFO - |----------------------Ingestion Complete----------------------|
2026-05-02 10:57:50,803 - INFO - Total Time Elapsed: 1.847 min
